{"/Users/carlosdavid/Desktop/TFive/backend-one-time-secret/server.js": {"path":"/Users/carlosdavid/Desktop/TFive/backend-one-time-secret/server.js","statementMap":{"0":{"start":{"line":1,"column":16},"end":{"line":1,"column":34}},"1":{"start":{"line":2,"column":12},"end":{"line":2,"column":21}},"2":{"start":{"line":3,"column":13},"end":{"line":3,"column":30}},"3":{"start":{"line":4,"column":11},"end":{"line":4,"column":26}},"4":{"start":{"line":7,"column":13},"end":{"line":7,"column":17}},"5":{"start":{"line":10,"column":0},"end":{"line":10,"column":57}},"6":{"start":{"line":11,"column":0},"end":{"line":11,"column":23}},"7":{"start":{"line":14,"column":18},"end":{"line":14,"column":61}},"8":{"start":{"line":16,"column":0},"end":{"line":16,"column":27}},"9":{"start":{"line":18,"column":0},"end":{"line":23,"column":3}},"10":{"start":{"line":19,"column":2},"end":{"line":19,"column":52}},"11":{"start":{"line":20,"column":2},"end":{"line":20,"column":74}},"12":{"start":{"line":21,"column":2},"end":{"line":21,"column":53}},"13":{"start":{"line":22,"column":2},"end":{"line":22,"column":9}},"14":{"start":{"line":26,"column":0},"end":{"line":26,"column":39}},"15":{"start":{"line":27,"column":0},"end":{"line":27,"column":62}},"16":{"start":{"line":29,"column":0},"end":{"line":31,"column":3}},"17":{"start":{"line":30,"column":4},"end":{"line":30,"column":49}},"18":{"start":{"line":33,"column":0},"end":{"line":33,"column":21}}},"fnMap":{"0":{"name":"(anonymous_0)","decl":{"start":{"line":18,"column":8},"end":{"line":18,"column":9}},"loc":{"start":{"line":18,"column":28},"end":{"line":23,"column":1}},"line":18},"1":{"name":"(anonymous_1)","decl":{"start":{"line":29,"column":16},"end":{"line":29,"column":17}},"loc":{"start":{"line":29,"column":20},"end":{"line":31,"column":1}},"line":29}},"branchMap":{},"s":{"0":1,"1":1,"2":1,"3":1,"4":1,"5":1,"6":1,"7":1,"8":1,"9":1,"10":3,"11":3,"12":3,"13":3,"14":1,"15":1,"16":1,"17":1,"18":1},"f":{"0":3,"1":1},"b":{},"_coverageSchema":"1a1c01bbd47fc00a2c39e90264f33305004495a9","hash":"f45c8fd5df930fcb37f7ebec72eb97c6818473e8"}
,"/Users/carlosdavid/Desktop/TFive/backend-one-time-secret/config/config.js": {"path":"/Users/carlosdavid/Desktop/TFive/backend-one-time-secret/config/config.js","statementMap":{"0":{"start":{"line":1,"column":0},"end":{"line":1,"column":26}},"1":{"start":{"line":3,"column":20},"end":{"line":7,"column":1}},"2":{"start":{"line":9,"column":0},"end":{"line":9,"column":29}}},"fnMap":{},"branchMap":{},"s":{"0":1,"1":1,"2":1},"f":{},"b":{},"_coverageSchema":"1a1c01bbd47fc00a2c39e90264f33305004495a9","hash":"2d59453409f011b62ded54dc163197f8135fdd10"}
,"/Users/carlosdavid/Desktop/TFive/backend-one-time-secret/content/memory.js": {"path":"/Users/carlosdavid/Desktop/TFive/backend-one-time-secret/content/memory.js","statementMap":{"0":{"start":{"line":1,"column":15},"end":{"line":1,"column":32}},"1":{"start":{"line":2,"column":16},"end":{"line":2,"column":43}},"2":{"start":{"line":3,"column":19},"end":{"line":3,"column":28}},"3":{"start":{"line":6,"column":17},"end":{"line":6,"column":52}},"4":{"start":{"line":7,"column":16},"end":{"line":11,"column":5}},"5":{"start":{"line":12,"column":4},"end":{"line":12,"column":29}},"6":{"start":{"line":13,"column":4},"end":{"line":13,"column":88}},"7":{"start":{"line":17,"column":17},"end":{"line":17,"column":37}},"8":{"start":{"line":18,"column":4},"end":{"line":26,"column":5}},"9":{"start":{"line":20,"column":24},"end":{"line":20,"column":58}},"10":{"start":{"line":21,"column":8},"end":{"line":21,"column":37}},"11":{"start":{"line":23,"column":8},"end":{"line":23,"column":36}},"12":{"start":{"line":25,"column":8},"end":{"line":25,"column":32}},"13":{"start":{"line":30,"column":14},"end":{"line":30,"column":16}},"14":{"start":{"line":31,"column":4},"end":{"line":33,"column":6}},"15":{"start":{"line":32,"column":8},"end":{"line":32,"column":41}},"16":{"start":{"line":34,"column":4},"end":{"line":34,"column":34}},"17":{"start":{"line":38,"column":14},"end":{"line":38,"column":16}},"18":{"start":{"line":39,"column":4},"end":{"line":41,"column":6}},"19":{"start":{"line":40,"column":8},"end":{"line":40,"column":63}},"20":{"start":{"line":42,"column":4},"end":{"line":42,"column":34}},"21":{"start":{"line":46,"column":4},"end":{"line":46,"column":32}},"22":{"start":{"line":50,"column":18},"end":{"line":86,"column":5}},"23":{"start":{"line":87,"column":4},"end":{"line":87,"column":17}},"24":{"start":{"line":91,"column":18},"end":{"line":108,"column":5}},"25":{"start":{"line":109,"column":4},"end":{"line":109,"column":17}},"26":{"start":{"line":112,"column":0},"end":{"line":112,"column":52}}},"fnMap":{"0":{"name":"create","decl":{"start":{"line":5,"column":9},"end":{"line":5,"column":15}},"loc":{"start":{"line":5,"column":33},"end":{"line":14,"column":1}},"line":5},"1":{"name":"get","decl":{"start":{"line":16,"column":9},"end":{"line":16,"column":12}},"loc":{"start":{"line":16,"column":18},"end":{"line":27,"column":1}},"line":16},"2":{"name":"getAll","decl":{"start":{"line":29,"column":9},"end":{"line":29,"column":15}},"loc":{"start":{"line":29,"column":17},"end":{"line":35,"column":1}},"line":29},"3":{"name":"(anonymous_3)","decl":{"start":{"line":31,"column":23},"end":{"line":31,"column":24}},"loc":{"start":{"line":31,"column":36},"end":{"line":33,"column":5}},"line":31},"4":{"name":"getAllLinks","decl":{"start":{"line":37,"column":9},"end":{"line":37,"column":20}},"loc":{"start":{"line":37,"column":22},"end":{"line":43,"column":1}},"line":37},"5":{"name":"(anonymous_5)","decl":{"start":{"line":39,"column":23},"end":{"line":39,"column":24}},"loc":{"start":{"line":39,"column":36},"end":{"line":41,"column":5}},"line":39},"6":{"name":"has","decl":{"start":{"line":45,"column":9},"end":{"line":45,"column":12}},"loc":{"start":{"line":45,"column":18},"end":{"line":47,"column":1}},"line":45},"7":{"name":"getHTML","decl":{"start":{"line":49,"column":9},"end":{"line":49,"column":16}},"loc":{"start":{"line":49,"column":25},"end":{"line":88,"column":1}},"line":49},"8":{"name":"getHTMLExpired","decl":{"start":{"line":90,"column":9},"end":{"line":90,"column":23}},"loc":{"start":{"line":90,"column":26},"end":{"line":110,"column":1}},"line":90}},"branchMap":{"0":{"loc":{"start":{"line":9,"column":19},"end":{"line":9,"column":48}},"type":"cond-expr","locations":[{"start":{"line":9,"column":35},"end":{"line":9,"column":44}},{"start":{"line":9,"column":47},"end":{"line":9,"column":48}}],"line":9},"1":{"loc":{"start":{"line":18,"column":4},"end":{"line":26,"column":5}},"type":"if","locations":[{"start":{"line":18,"column":4},"end":{"line":26,"column":5}},{"start":{"line":24,"column":9},"end":{"line":26,"column":5}}],"line":18}},"s":{"0":1,"1":1,"2":1,"3":4,"4":4,"5":4,"6":4,"7":5,"8":5,"9":4,"10":4,"11":4,"12":1,"13":2,"14":2,"15":4,"16":2,"17":3,"18":3,"19":9,"20":3,"21":4,"22":4,"23":4,"24":1,"25":1,"26":1},"f":{"0":4,"1":5,"2":2,"3":4,"4":3,"5":9,"6":4,"7":4,"8":1},"b":{"0":[4,0],"1":[4,1]},"_coverageSchema":"1a1c01bbd47fc00a2c39e90264f33305004495a9","hash":"c80979d958ee027adbf23444ffecb2c68ba0c8f7"}
,"/Users/carlosdavid/Desktop/TFive/backend-one-time-secret/routes/index.js": {"path":"/Users/carlosdavid/Desktop/TFive/backend-one-time-secret/routes/index.js","statementMap":{"0":{"start":{"line":1,"column":14},"end":{"line":1,"column":32}},"1":{"start":{"line":2,"column":13},"end":{"line":2,"column":29}},"2":{"start":{"line":4,"column":0},"end":{"line":6,"column":3}},"3":{"start":{"line":5,"column":4},"end":{"line":5,"column":68}},"4":{"start":{"line":8,"column":0},"end":{"line":8,"column":24}}},"fnMap":{"0":{"name":"(anonymous_0)","decl":{"start":{"line":4,"column":16},"end":{"line":4,"column":17}},"loc":{"start":{"line":4,"column":35},"end":{"line":6,"column":1}},"line":4}},"branchMap":{},"s":{"0":1,"1":1,"2":1,"3":0,"4":1},"f":{"0":0},"b":{},"_coverageSchema":"1a1c01bbd47fc00a2c39e90264f33305004495a9","hash":"4af74d7e18c812af368da32d1e8f9001bb28802d"}
,"/Users/carlosdavid/Desktop/TFive/backend-one-time-secret/routes/one-time-secret/secret.js": {"path":"/Users/carlosdavid/Desktop/TFive/backend-one-time-secret/routes/one-time-secret/secret.js","statementMap":{"0":{"start":{"line":1,"column":14},"end":{"line":1,"column":32}},"1":{"start":{"line":2,"column":13},"end":{"line":2,"column":29}},"2":{"start":{"line":3,"column":13},"end":{"line":3,"column":44}},"3":{"start":{"line":5,"column":0},"end":{"line":20,"column":3}},"4":{"start":{"line":18,"column":29},"end":{"line":18,"column":37}},"5":{"start":{"line":19,"column":4},"end":{"line":19,"column":56}},"6":{"start":{"line":22,"column":0},"end":{"line":29,"column":3}},"7":{"start":{"line":23,"column":17},"end":{"line":23,"column":32}},"8":{"start":{"line":24,"column":4},"end":{"line":28,"column":5}},"9":{"start":{"line":25,"column":8},"end":{"line":25,"column":32}},"10":{"start":{"line":27,"column":8},"end":{"line":27,"column":92}},"11":{"start":{"line":31,"column":0},"end":{"line":33,"column":3}},"12":{"start":{"line":32,"column":4},"end":{"line":32,"column":40}},"13":{"start":{"line":35,"column":0},"end":{"line":37,"column":3}},"14":{"start":{"line":36,"column":4},"end":{"line":36,"column":45}},"15":{"start":{"line":39,"column":0},"end":{"line":39,"column":24}}},"fnMap":{"0":{"name":"(anonymous_0)","decl":{"start":{"line":5,"column":23},"end":{"line":5,"column":24}},"loc":{"start":{"line":5,"column":42},"end":{"line":20,"column":1}},"line":5},"1":{"name":"(anonymous_1)","decl":{"start":{"line":22,"column":26},"end":{"line":22,"column":27}},"loc":{"start":{"line":22,"column":51},"end":{"line":29,"column":1}},"line":22},"2":{"name":"(anonymous_2)","decl":{"start":{"line":31,"column":22},"end":{"line":31,"column":23}},"loc":{"start":{"line":31,"column":41},"end":{"line":33,"column":1}},"line":31},"3":{"name":"(anonymous_3)","decl":{"start":{"line":35,"column":27},"end":{"line":35,"column":28}},"loc":{"start":{"line":35,"column":46},"end":{"line":37,"column":1}},"line":35}},"branchMap":{"0":{"loc":{"start":{"line":24,"column":4},"end":{"line":28,"column":5}},"type":"if","locations":[{"start":{"line":24,"column":4},"end":{"line":28,"column":5}},{"start":{"line":26,"column":9},"end":{"line":28,"column":5}}],"line":24}},"s":{"0":1,"1":1,"2":1,"3":1,"4":0,"5":0,"6":1,"7":3,"8":3,"9":3,"10":0,"11":1,"12":0,"13":1,"14":0,"15":1},"f":{"0":0,"1":3,"2":0,"3":0},"b":{"0":[3,0]},"_coverageSchema":"1a1c01bbd47fc00a2c39e90264f33305004495a9","hash":"8874e43a547f47f59bb24908443751a1dc334cb3"}
}
