TN:
SF:server.js
FN:18,(anonymous_0)
FN:29,(anonymous_1)
FNF:2
FNH:2
FNDA:3,(anonymous_0)
FNDA:1,(anonymous_1)
DA:1,1
DA:2,1
DA:3,1
DA:4,1
DA:7,1
DA:10,1
DA:11,1
DA:14,1
DA:16,1
DA:18,1
DA:19,3
DA:20,3
DA:21,3
DA:22,3
DA:26,1
DA:27,1
DA:29,1
DA:30,1
DA:33,1
LF:19
LH:19
BRF:0
BRH:0
end_of_record
TN:
SF:config/config.js
FNF:0
FNH:0
DA:1,1
DA:3,1
DA:9,1
LF:3
LH:3
BRF:0
BRH:0
end_of_record
TN:
SF:content/memory.js
FN:5,create
FN:16,get
FN:29,getAll
FN:31,(anonymous_3)
FN:37,getAllLinks
FN:39,(anonymous_5)
FN:45,has
FN:49,getHTML
FN:90,getHTMLExpired
FNF:9
FNH:9
FNDA:4,create
FNDA:5,get
FNDA:2,getAll
FNDA:4,(anonymous_3)
FNDA:3,getAllLinks
FNDA:9,(anonymous_5)
FNDA:4,has
FNDA:4,getHTML
FNDA:1,getHTMLExpired
DA:1,1
DA:2,1
DA:3,1
DA:6,4
DA:7,4
DA:12,4
DA:13,4
DA:17,5
DA:18,5
DA:20,4
DA:21,4
DA:23,4
DA:25,1
DA:30,2
DA:31,2
DA:32,4
DA:34,2
DA:38,3
DA:39,3
DA:40,9
DA:42,3
DA:46,4
DA:50,4
DA:87,4
DA:91,1
DA:109,1
DA:112,1
LF:27
LH:27
BRDA:9,0,0,4
BRDA:9,0,1,0
BRDA:18,1,0,4
BRDA:18,1,1,1
BRF:4
BRH:3
end_of_record
TN:
SF:routes/index.js
FN:4,(anonymous_0)
FNF:1
FNH:0
FNDA:0,(anonymous_0)
DA:1,1
DA:2,1
DA:4,1
DA:5,0
DA:8,1
LF:5
LH:4
BRF:0
BRH:0
end_of_record
TN:
SF:routes/one-time-secret/secret.js
FN:5,(anonymous_0)
FN:22,(anonymous_1)
FN:31,(anonymous_2)
FN:35,(anonymous_3)
FNF:4
FNH:1
FNDA:0,(anonymous_0)
FNDA:3,(anonymous_1)
FNDA:0,(anonymous_2)
FNDA:0,(anonymous_3)
DA:1,1
DA:2,1
DA:3,1
DA:5,1
DA:18,0
DA:19,0
DA:22,1
DA:23,3
DA:24,3
DA:25,3
DA:27,0
DA:31,1
DA:32,0
DA:35,1
DA:36,0
DA:39,1
LF:16
LH:11
BRDA:24,0,0,3
BRDA:24,0,1,0
BRF:2
BRH:1
end_of_record
